; Top Design: "MyFirstWorkspace_lib:cell_1:schematic"
; Netlisted using Hierarchy Policy: "Standard"

Options ResourceUsage=yes UseNutmegFormat=no EnableOptim=no TopDesignName="MyFirstWorkspace_lib:cell_1:schematic" DcopOutputNodeVoltages=yes DcopOutputPinCurrents=yes DcopOutputAllSweepPoints=no DcopOutputDcopType=0
V_Source:SRC1  N__1 c Type="V_DC" Vdc=10.0 V Vac=30 V SaveCurrent=1 
R:R1  N__1 N__2 R=10 Ohm Noise=yes 
L:L1  N__2 o L=1.0 nH R=10 Ohm Noise=yes  
C:C1  o c C=1.0 pF 
AC:AC1 CalcNoise=no SortNoise=0 IncludePortNoise=yes BandwidthForNoise=1 Hz FreqConversion=no UseFiniteDiff=no StatusLevel=2 OutputBudgetIV=no DevOpPtLevel=0 \
SweepVar="freq" SweepPlan="AC1_stim" OutputPlan="AC1_Output" 

SweepPlan: AC1_stim Start=1.0 GHz Stop=10.0 GHz Step=1.0 GHz 

OutputPlan:AC1_Output \
      Type="Output" \
      UseNodeNestLevel=yes \
      NodeNestLevel=2 \
      UseEquationNestLevel=yes \
      EquationNestLevel=2 \
      UseSavedEquationNestLevel=yes \
      SavedEquationNestLevel=2 \
      UseDeviceCurrentNestLevel=no \
      DeviceCurrentNestLevel=0 \
      DeviceCurrentDeviceType="All" \
      DeviceCurrentSymSyntax=yes \
      UseCurrentNestLevel=yes \
      CurrentNestLevel=999 \
      UseDeviceVoltageNestLevel=no \
      DeviceVoltageNestLevel=0 \
      DeviceVoltageDeviceType="All"

R:R2  o c R=50 Ohm Noise=yes 
